EDA Netlist Writer report for ula-sd
Tue Oct 04 08:11:00 2016
Quartus II 64-Bit Version 13.0.1 Build 232 06/12/2013 Service Pack 1 SJ Web Edition


---------------------
; Table of Contents ;
---------------------
  1. Legal Notice
  2. EDA Netlist Writer Summary
  3. Simulation Settings
  4. Simulation Generated Files
  5. EDA Netlist Writer Messages



----------------
; Legal Notice ;
----------------
Copyright (C) 1991-2013 Altera Corporation
Your use of Altera Corporation's design tools, logic functions 
and other software and tools, and its AMPP partner logic 
functions, and any output files from any of the foregoing 
(including device programming or simulation files), and any 
associated documentation or information are expressly subject 
to the terms and conditions of the Altera Program License 
Subscription Agreement, Altera MegaCore Function License 
Agreement, or other applicable license agreement, including, 
without limitation, that your use is for the sole purpose of 
programming logic devices manufactured by Altera and sold by 
Altera or its authorized distributors.  Please refer to the 
applicable agreement for further details.



+-------------------------------------------------------------------+
; EDA Netlist Writer Summary                                        ;
+---------------------------+---------------------------------------+
; EDA Netlist Writer Status ; Successful - Tue Oct 04 08:11:00 2016 ;
; Revision Name             ; ula-sd                                ;
; Top-level Entity Name     ; subtrator-sd                          ;
; Family                    ; Arria II GX                           ;
; Simulation Files Creation ; Successful                            ;
+---------------------------+---------------------------------------+


+-------------------------------------------------------------------------------------------------------------------------------+
; Simulation Settings                                                                                                           ;
+---------------------------------------------------------------------------------------------------+---------------------------+
; Option                                                                                            ; Setting                   ;
+---------------------------------------------------------------------------------------------------+---------------------------+
; Tool Name                                                                                         ; ModelSim-Altera (Verilog) ;
; Generate netlist for functional simulation only                                                   ; On                        ;
; Truncate long hierarchy paths                                                                     ; Off                       ;
; Map illegal HDL characters                                                                        ; Off                       ;
; Flatten buses into individual nodes                                                               ; Off                       ;
; Maintain hierarchy                                                                                ; Off                       ;
; Bring out device-wide set/reset signals as ports                                                  ; Off                       ;
; Enable glitch filtering                                                                           ; Off                       ;
; Do not write top level VHDL entity                                                                ; Off                       ;
; Disable detection of setup and hold time violations in the input registers of bi-directional pins ; Off                       ;
; Architecture name in VHDL output netlist                                                          ; structure                 ;
; Generate third-party EDA tool command script for RTL functional simulation                        ; Off                       ;
; Generate third-party EDA tool command script for gate-level simulation                            ; Off                       ;
+---------------------------------------------------------------------------------------------------+---------------------------+


+------------------------------------------------------------------------------+
; Simulation Generated Files                                                   ;
+------------------------------------------------------------------------------+
; Generated Files                                                              ;
+------------------------------------------------------------------------------+
; C:/Users/ovict/Documents/sd-project/sd-project/simulation/modelsim/ula-sd.vo ;
+------------------------------------------------------------------------------+


+-----------------------------+
; EDA Netlist Writer Messages ;
+-----------------------------+
Info: *******************************************************************
Info: Running Quartus II 64-Bit EDA Netlist Writer
    Info: Version 13.0.1 Build 232 06/12/2013 Service Pack 1 SJ Web Edition
    Info: Processing started: Tue Oct 04 08:10:58 2016
Info: Command: quartus_eda --functional=on --simulation=on --tool=modelsim_oem --format=verilog ula-sd -c ula-sd
Warning (20013): Ignored assignments for entity "ula-sd" -- entity does not exist in design
    Warning (20014): Assignment for entity set_global_assignment -name LL_ROOT_REGION ON -entity "ula-sd" -section_id "Root Region" was ignored
    Warning (20014): Assignment for entity set_global_assignment -name LL_MEMBER_STATE LOCKED -entity "ula-sd" -section_id "Root Region" was ignored
Info (119004): Automatically selected device EP2AGX45CU17I3 for design ula-sd
Info (204019): Generated file ula-sd.vo in folder "C:/Users/ovict/Documents/sd-project/sd-project/simulation/modelsim/" for EDA simulation tool
Info: Quartus II 64-Bit EDA Netlist Writer was successful. 0 errors, 3 warnings
    Info: Peak virtual memory: 475 megabytes
    Info: Processing ended: Tue Oct 04 08:11:00 2016
    Info: Elapsed time: 00:00:02
    Info: Total CPU time (on all processors): 00:00:02


